#
# There is insufficient memory for the Java Runtime Environment to continue.
# Native memory allocation (mmap) failed to map 805306368 bytes for G1 virtual space
# Possible reasons:
#   The system is out of physical RAM or swap space
#   The process is running with CompressedOops enabled, and the Java Heap may be blocking the growth of the native heap
# Possible solutions:
#   Reduce memory load on the system
#   Increase physical memory or swap space
#   Check if swap backing store is full
#   Decrease Java heap size (-Xmx/-Xms)
#   Decrease number of Java threads
#   Decrease Java thread stack sizes (-Xss)
#   Set larger code cache with -XX:ReservedCodeCacheSize=
#   JVM is running with Zero Based Compressed Oops mode in which the Java heap is
#     placed in the first 32GB address space. The Java Heap base address is the
#     maximum limit for the native heap growth. Please use -XX:HeapBaseMinAddress
#     to set the Java Heap base and to place the Java Heap above 32GB virtual address.
# This output file may be truncated or incomplete.
#
#  Out of Memory Error (os_windows.cpp:3825), pid=40668, tid=64264
#
# JRE version:  (17.0.10+1) (build )
# Java VM: OpenJDK 64-Bit Server VM (17.0.10+1-b1087.17, mixed mode, sharing, tiered, compressed oops, compressed class ptrs, g1 gc, windows-amd64)
# No core dump will be written. Minidumps are not enabled by default on client versions of Windows
#

---------------  S U M M A R Y ------------

Command Line: git4idea.http.GitAskPassApp Username for 'https://github.com': 

Host: Intel(R) Core(TM) i5-10500 CPU @ 3.10GHz, 12 cores, 47G,  Windows 11 , 64 bit Build 22621 (10.0.22621.3672)
Time: Wed Aug  7 02:49:00 2024 FLE Daylight Time elapsed time: 0.010003 seconds (0d 0h 0m 0s)

---------------  T H R E A D  ---------------

Current thread (0x000001d43fe429a0):  JavaThread "Unknown thread" [_thread_in_vm, id=64264, stack(0x0000006abb200000,0x0000006abb300000)]

Stack: [0x0000006abb200000,0x0000006abb300000]
Native frames: (J=compiled Java code, j=interpreted, Vv=VM code, C=native code)
V  [jvm.dll+0x688ac9]
V  [jvm.dll+0x84220a]
V  [jvm.dll+0x843e4e]
V  [jvm.dll+0x8444b3]
V  [jvm.dll+0x24ba8f]
V  [jvm.dll+0x685899]
V  [jvm.dll+0x67a14a]
V  [jvm.dll+0x30c7eb]
V  [jvm.dll+0x313c96]
V  [jvm.dll+0x363a2e]
V  [jvm.dll+0x363c5f]
V  [jvm.dll+0x2e25b8]
V  [jvm.dll+0x2e3524]
V  [jvm.dll+0x812d71]
V  [jvm.dll+0x3718e1]
V  [jvm.dll+0x7f18d6]
V  [jvm.dll+0x3f553f]
V  [jvm.dll+0x3f7171]
C  [jli.dll+0x528f]
C  [ucrtbase.dll+0x29333]
C  [KERNEL32.DLL+0x1257d]
C  [ntdll.dll+0x5af28]


---------------  P R O C E S S  ---------------

Threads class SMR info:
_java_thread_list=0x00007ffa1731ef58, length=0, elements={
}

Java Threads: ( => current thread )

Other Threads:
  0x000001d471200ba0 GCTaskThread "GC Thread#0" [stack: 0x0000006abb300000,0x0000006abb400000] [id=32328]
  0x000001d43fedbf90 ConcurrentGCThread "G1 Main Marker" [stack: 0x0000006abb400000,0x0000006abb500000] [id=66784]
  0x000001d43fedc9b0 ConcurrentGCThread "G1 Conc#0" [stack: 0x0000006abb500000,0x0000006abb600000] [id=55332]

[error occurred during error reporting (printing all threads), id 0xc0000005, EXCEPTION_ACCESS_VIOLATION (0xc0000005) at pc=0x00007ffa16ad3187]

VM state: not at safepoint (not fully initialized)

VM Mutex/Monitor currently owned by a thread:  ([mutex/lock_event])
[0x000001d43fe3fba0] Heap_lock - owner thread: 0x000001d43fe429a0

Heap address: 0x0000000501800000, size: 12264 MB, Compressed Oops mode: Zero based, Oop shift amount: 3

CDS archive(s) mapped at: [0x0000000000000000-0x0000000000000000-0x0000000000000000), size 0, SharedBaseAddress: 0x0000000800000000, ArchiveRelocationMode: 1.
Narrow klass base: 0x0000000000000000, Narrow klass shift: 0, Narrow klass range: 0x0

GC Precious Log:
<Empty>

Heap:
 garbage-first heap   total 0K, used 0K [0x0000000501800000, 0x0000000800000000)
  region size 8192K, 0 young (0K), 0 survivors (0K)
 Metaspace       used 0K, committed 0K, reserved 0K
  class space    used 0K, committed 0K, reserved 0K

Heap Regions: E=young(eden), S=young(survivor), O=old, HS=humongous(starts), HC=humongous(continues), CS=collection set, F=free, OA=open archive, CA=closed archive, TAMS=top-at-mark-start (previous, next)

Card table byte_map: [0x000001d456220000,0x000001d457a20000] _byte_map_base: 0x000001d453a14000

Marking Bits (Prev, Next): (CMBitMap*) 0x000001d43fecf6d0, (CMBitMap*) 0x000001d43fecf710
 Prev Bits: [0x000001d459220000, 0x000001d4651c0000)
 Next Bits: [0x000001d4651c0000, 0x000001d471160000)

GC Heap History (0 events):
No events

Dll operation events (1 events):
Event: 0.006 Loaded shared library C:\Program Files\JetBrains\IntelliJ IDEA 2023.3.4\jbr\bin\java.dll

Deoptimization events (0 events):
No events

Classes unloaded (0 events):
No events

Classes redefined (0 events):
No events

Internal exceptions (0 events):
No events

VM Operations (0 events):
No events

Events (0 events):
No events


Dynamic libraries:
0x00007ff76f590000 - 0x00007ff76f59a000 	C:\Program Files\JetBrains\IntelliJ IDEA 2023.3.4\jbr\bin\java.exe
0x00007ffa88970000 - 0x00007ffa88b87000 	C:\WINDOWS\SYSTEM32\ntdll.dll
0x00007ffa87630000 - 0x00007ffa876f4000 	C:\WINDOWS\System32\KERNEL32.DLL
0x00007ffa85df0000 - 0x00007ffa8619d000 	C:\WINDOWS\System32\KERNELBASE.dll
0x00007ffa86240000 - 0x00007ffa86351000 	C:\WINDOWS\System32\ucrtbase.dll
0x00007ffa65e70000 - 0x00007ffa65e87000 	C:\Program Files\JetBrains\IntelliJ IDEA 2023.3.4\jbr\bin\jli.dll
0x00007ffa4c530000 - 0x00007ffa4c54b000 	C:\Program Files\JetBrains\IntelliJ IDEA 2023.3.4\jbr\bin\VCRUNTIME140.dll
0x00007ffa88590000 - 0x00007ffa8873e000 	C:\WINDOWS\System32\USER32.dll
0x00007ffa865c0000 - 0x00007ffa865e6000 	C:\WINDOWS\System32\win32u.dll
0x00007ffa87820000 - 0x00007ffa87849000 	C:\WINDOWS\System32\GDI32.dll
0x00007ffa85ca0000 - 0x00007ffa85db9000 	C:\WINDOWS\System32\gdi32full.dll
0x00007ffa6de20000 - 0x00007ffa6e0b3000 	C:\WINDOWS\WinSxS\amd64_microsoft.windows.common-controls_6595b64144ccf1df_6.0.22621.3672_none_2713b9d173822955\COMCTL32.dll
0x00007ffa861a0000 - 0x00007ffa8623a000 	C:\WINDOWS\System32\msvcp_win.dll
0x00007ffa881c0000 - 0x00007ffa88267000 	C:\WINDOWS\System32\msvcrt.dll
0x00007ffa870e0000 - 0x00007ffa87111000 	C:\WINDOWS\System32\IMM32.DLL
0x00007ffa6bd90000 - 0x00007ffa6bd9c000 	C:\Program Files\JetBrains\IntelliJ IDEA 2023.3.4\jbr\bin\vcruntime140_1.dll
0x00007ffa38d70000 - 0x00007ffa38dfd000 	C:\Program Files\JetBrains\IntelliJ IDEA 2023.3.4\jbr\bin\msvcp140.dll
0x00007ffa167e0000 - 0x00007ffa17463000 	C:\Program Files\JetBrains\IntelliJ IDEA 2023.3.4\jbr\bin\server\jvm.dll
0x00007ffa87560000 - 0x00007ffa87612000 	C:\WINDOWS\System32\ADVAPI32.dll
0x00007ffa87030000 - 0x00007ffa870d9000 	C:\WINDOWS\System32\sechost.dll
0x00007ffa85dc0000 - 0x00007ffa85de8000 	C:\WINDOWS\System32\bcrypt.dll
0x00007ffa87700000 - 0x00007ffa87814000 	C:\WINDOWS\System32\RPCRT4.dll
0x00007ffa855a0000 - 0x00007ffa855ed000 	C:\WINDOWS\SYSTEM32\POWRPROF.dll
0x00007ffa7f130000 - 0x00007ffa7f164000 	C:\WINDOWS\SYSTEM32\WINMM.dll
0x00007ffa65090000 - 0x00007ffa65099000 	C:\WINDOWS\SYSTEM32\WSOCK32.dll
0x00007ffa7d120000 - 0x00007ffa7d12a000 	C:\WINDOWS\SYSTEM32\VERSION.dll
0x00007ffa86aa0000 - 0x00007ffa86b11000 	C:\WINDOWS\System32\WS2_32.dll
0x00007ffa85580000 - 0x00007ffa85593000 	C:\WINDOWS\SYSTEM32\UMPDC.dll
0x00007ffa84c90000 - 0x00007ffa84ca8000 	C:\WINDOWS\SYSTEM32\kernel.appcore.dll
0x00007ffa81970000 - 0x00007ffa8197a000 	C:\Program Files\JetBrains\IntelliJ IDEA 2023.3.4\jbr\bin\jimage.dll
0x00007ffa83640000 - 0x00007ffa83872000 	C:\WINDOWS\SYSTEM32\DBGHELP.DLL
0x00007ffa87120000 - 0x00007ffa874a8000 	C:\WINDOWS\System32\combase.dll
0x00007ffa88740000 - 0x00007ffa88817000 	C:\WINDOWS\System32\OLEAUT32.dll
0x00007ffa606d0000 - 0x00007ffa60702000 	C:\WINDOWS\SYSTEM32\dbgcore.DLL
0x00007ffa864d0000 - 0x00007ffa8654b000 	C:\WINDOWS\System32\bcryptPrimitives.dll
0x00007ffa802a0000 - 0x00007ffa802c5000 	C:\Program Files\JetBrains\IntelliJ IDEA 2023.3.4\jbr\bin\java.dll

dbghelp: loaded successfully - version: 4.0.5 - missing functions: none
symbol engine: initialized successfully - sym options: 0x614 - pdb path: .;C:\Program Files\JetBrains\IntelliJ IDEA 2023.3.4\jbr\bin;C:\WINDOWS\SYSTEM32;C:\WINDOWS\WinSxS\amd64_microsoft.windows.common-controls_6595b64144ccf1df_6.0.22621.3672_none_2713b9d173822955;C:\Program Files\JetBrains\IntelliJ IDEA 2023.3.4\jbr\bin\server

VM Arguments:
java_command: git4idea.http.GitAskPassApp Username for 'https://github.com': 
java_class_path (initial): C:/Program Files/JetBrains/IntelliJ IDEA 2023.3.4/plugins/vcs-git/lib/git4idea-rt.jar;C:/Program Files/JetBrains/IntelliJ IDEA 2023.3.4/lib/externalProcess-rt.jar
Launcher Type: SUN_STANDARD

[Global flags]
     intx CICompilerCount                          = 4                                         {product} {ergonomic}
     uint ConcGCThreads                            = 3                                         {product} {ergonomic}
     uint G1ConcRefinementThreads                  = 10                                        {product} {ergonomic}
   size_t G1HeapRegionSize                         = 8388608                                   {product} {ergonomic}
    uintx GCDrainStackTargetSize                   = 64                                        {product} {ergonomic}
   size_t InitialHeapSize                          = 805306368                                 {product} {ergonomic}
   size_t MarkStackSize                            = 4194304                                   {product} {ergonomic}
   size_t MaxHeapSize                              = 12859736064                               {product} {ergonomic}
   size_t MinHeapDeltaBytes                        = 8388608                                   {product} {ergonomic}
   size_t MinHeapSize                              = 8388608                                   {product} {ergonomic}
    uintx NonNMethodCodeHeapSize                   = 5839372                                {pd product} {ergonomic}
    uintx NonProfiledCodeHeapSize                  = 122909434                              {pd product} {ergonomic}
    uintx ProfiledCodeHeapSize                     = 122909434                              {pd product} {ergonomic}
    uintx ReservedCodeCacheSize                    = 251658240                              {pd product} {ergonomic}
     bool SegmentedCodeCache                       = true                                      {product} {ergonomic}
   size_t SoftMaxHeapSize                          = 12859736064                            {manageable} {ergonomic}
     bool UseCompressedClassPointers               = true                           {product lp64_product} {ergonomic}
     bool UseCompressedOops                        = true                           {product lp64_product} {ergonomic}
     bool UseG1GC                                  = true                                      {product} {ergonomic}
     bool UseLargePagesIndividualAllocation        = false                                  {pd product} {ergonomic}

Logging:
Log output configuration:
 #0: stdout all=warning uptime,level,tags
 #1: stderr all=off uptime,level,tags

Environment Variables:
JAVA_HOME=C:\Program Files\Java\jdk-21\
PATH=C:\Program Files\Git\mingw64\libexec\git-core;C:\Program Files\Git\mingw64\libexec\git-core;C:\Program Files\Git\mingw64\bin;C:\Program Files\Git\usr\bin;C:\Users\up636306\bin;C:\Program Files\Fortify\Fortify_SCA_23.2.0\bin;C:\Program Files\Fortify\Fortify_Apps_and_Tools_24.2.0\bin;C:\Program Files\Fortify\Fortify_SCA_24.2.0\bin;C:\Program Files\Fortify\Fortify_SCA_23.1.1\bin;C:\Program Files (x86)\VMware\VMware Workstation\bin;C:\oracle19cInstall\bin;C:\Users\up636306\Desktop\Oracle19c\bin;C:\Program Files\Common Files\Oracle\Java\javapath;C:\Program Files (x86)\Common Files\Oracle\Java\javapath;C:\Windows\system32;C:\Windows;C:\Windows\System32\Wbem;C:\Windows\System32\WindowsPowerShell\v1.0;C:\Program Files (x86)\NVIDIA Corporation\PhysX\Common;C:\Program Files\NVIDIA Corporation\NVIDIA NvDLISR;C:\Program Files (x86)\Microsoft SQL Server\150\DTS\Binn;C:\WINDOWS\system32;C:\WINDOWS;C:\WINDOWS\System32\Wbem;C:\WINDOWS\System32\WindowsPowerShell\v1.0;C:\WINDOWS\System32\OpenSSH;C:\Program Files\Microsoft SQL Server\Client SDK\ODBC\130\Tools\Binn;C:\Program Files (x86)\Microsoft SQL Server\140\Tools\Binn;C:\Program Files\Microsoft SQL Server\140\Tools\Binn;C:\Program Files\Microsoft SQL Server\140\DTS\Binn;C:\Program Files\dotnet;C:\Program Files\Microsoft SQL Server\130\Tools\Binn;C:\Program Files\Microsoft SQL Server\Client SDK\ODBC\170\Tools\Binn;C:\Program Files (x86)\Microsoft SQL Server\150\Tools\Binn;C:\Program Files\Microsoft SQL Server\150\Tools\Binn;C:\Program Files\Microsoft SQL Server\150\DTS\Binn;C:\Program Files (x86)\dotnet;C:\Program Files\Wireshark;C:\Program Files (x86)\Microsoft Visual Studio\Shared\Python37_64;C:\Users\up636306\AppData\Local\Android\Sdk\emulator;C:\Program Files\OpenSSL-Win64\bin;C:\Program Files (x86)\QuickTime\QTSystem;C:\Program Files\Git\cmd;C:\Program Files\TortoiseGit\bin;C:\Program Files (x86)\sbt\bin;C:\gradle-7.3.3\bin;C:\Program Files (x86)\Microsoft SQL Server\160\DTS\Binn;C:\Program Files\Azure Data Studio\bin;C:\apa
USERNAME=up636306
DISPLAY=:0.0
LC_ALL=en_US.UTF-8
TERM=cygwin
TMPDIR=C:\Users\Public\Documents\Wondershare\CreatorTemp
OS=Windows_NT
PROCESSOR_IDENTIFIER=Intel64 Family 6 Model 165 Stepping 3, GenuineIntel
TMP=C:\Users\up636306\AppData\Local\Temp
TEMP=C:\Users\up636306\AppData\Local\Temp



Periodic native trim disabled

JNI global refs:
JNI global refs: 0, weak refs: 0

JNI global refs memory usage: 0, weak refs: 0

OOME stack traces (most recent first):
Classloader memory used:


---------------  S Y S T E M  ---------------

OS:
 Windows 11 , 64 bit Build 22621 (10.0.22621.3672)
OS uptime: 14 days 1:51 hours
Hyper-V role detected

CPU: total 12 (initial active 12) (6 cores per cpu, 2 threads per core) family 6 model 165 stepping 3 microcode 0xea, cx8, cmov, fxsr, ht, mmx, 3dnowpref, sse, sse2, sse3, ssse3, sse4.1, sse4.2, popcnt, lzcnt, tsc, tscinvbit, avx, avx2, aes, erms, clmul, bmi1, bmi2, adx, fma, vzeroupper, clflush, clflushopt, hv
Processor Information for all 12 processors :
  Max Mhz: 3096, Current Mhz: 3096, Mhz Limit: 3096

Memory: 4k page, system-wide physical 49037M (21883M free)
TotalPageFile size 196493M (AvailPageFile size 753M)
current process WorkingSet (physical memory assigned to process): 11M, peak: 11M
current process commit charge ("private bytes"): 64M, peak: 832M

vm_info: OpenJDK 64-Bit Server VM (17.0.10+1-b1087.17) for windows-amd64 JRE (17.0.10+1-b1087.17), built on 2024-01-19 by "builduser" with MS VC++ 16.10 / 16.11 (VS2019)

END.
